<?xml version="1.0" encoding="UTF-8"?>
<testng-results skipped="0" failed="0" ignored="0" total="1" passed="1">
  <reporter-output>
  </reporter-output>
  <suite name="LoginTest" duration-ms="8330" started-at="2019-03-14T16:26:27Z" finished-at="2019-03-14T16:26:36Z">
    <groups>
    </groups>
    <test name="Command line test" duration-ms="8330" started-at="2019-03-14T16:26:27Z" finished-at="2019-03-14T16:26:36Z">
      <class name="LoginTest">
        <test-method status="PASS" signature="setup()[pri:0, instance:LoginTest@2d6e8792]" name="setup" is-config="true" duration-ms="8069" started-at="2019-03-14T16:26:19Z" finished-at="2019-03-14T16:26:27Z">
          <reporter-output>
          </reporter-output>
        </test-method> <!-- setup -->
        <test-method status="PASS" signature="doLogin()[pri:0, instance:LoginTest@2d6e8792]" name="doLogin" duration-ms="8309" started-at="2019-03-14T16:26:27Z" finished-at="2019-03-14T16:26:36Z">
          <reporter-output>
          </reporter-output>
        </test-method> <!-- doLogin -->
        <test-method status="PASS" signature="teardown()[pri:0, instance:LoginTest@2d6e8792]" name="teardown" is-config="true" duration-ms="925" started-at="2019-03-14T16:26:36Z" finished-at="2019-03-14T16:26:37Z">
          <reporter-output>
          </reporter-output>
        </test-method> <!-- teardown -->
      </class> <!-- LoginTest -->
    </test> <!-- Command line test -->
  </suite> <!-- LoginTest -->
</testng-results>
